# JRE version: OpenJDK Runtime Environment (8.0_242-b01) (build 1.8.0_242-release-1644-b01)
# Java VM: OpenJDK 64-Bit Server VM (25.242-b01 mixed mode windows-amd64 compressed oops)
Heap:
 PSYoungGen      total 119296K, used 46963K [0x00000000f5580000, 0x00000000fd680000, 0x0000000100000000)
  eden space 108544K, 35% used [0x00000000f5580000,0x00000000f7b02170,0x00000000fbf80000)
  from space 10752K, 79% used [0x00000000fcc00000,0x00000000fd45ad18,0x00000000fd680000)
  to   space 11776K, 0% used [0x00000000fbf80000,0x00000000fbf80000,0x00000000fcb00000)
 ParOldGen       total 175104K, used 7666K [0x00000000e0000000, 0x00000000eab00000, 0x00000000f5580000)
  object space 175104K, 4% used [0x00000000e0000000,0x00000000e077c9a0,0x00000000eab00000)
 Metaspace       used 33624K, capacity 34826K, committed 35120K, reserved 1079296K
  class space    used 4548K, capacity 4859K, committed 4912K, reserved 1048576K
GC Heap History (10 events):
Event: 6.276 GC heap before
{Heap before GC invocations=3 (full 0):
 PSYoungGen      total 76288K, used 74630K [0x00000000f5580000, 0x00000000faa80000, 0x0000000100000000)
  eden space 65536K, 100% used [0x00000000f5580000,0x00000000f9580000,0x00000000f9580000)
  from space 10752K, 84% used [0x00000000fa000000,0x00000000fa8e1b70,0x00000000faa80000)
  to   space 10752K, 0% used [0x00000000f9580000,0x00000000f9580000,0x00000000fa000000)
 ParOldGen       total 175104K, used 24K [0x00000000e0000000, 0x00000000eab00000, 0x00000000f5580000)
  object space 175104K, 0% used [0x00000000e0000000,0x00000000e0006000,0x00000000eab00000)
 Metaspace       used 20139K, capacity 20750K, committed 20992K, reserved 1067008K
  class space    used 2820K, capacity 3015K, committed 3072K, reserved 1048576K
Event: 6.289 GC heap after
Heap after GC invocations=3 (full 0):
 PSYoungGen      total 76288K, used 10751K [0x00000000f5580000, 0x00000000faa80000, 0x0000000100000000)
  eden space 65536K, 0% used [0x00000000f5580000,0x00000000f5580000,0x00000000f9580000)
  from space 10752K, 99% used [0x00000000f9580000,0x00000000f9ffff38,0x00000000fa000000)
  to   space 10752K, 0% used [0x00000000fa000000,0x00000000fa000000,0x00000000faa80000)
 ParOldGen       total 175104K, used 1335K [0x00000000e0000000, 0x00000000eab00000, 0x00000000f5580000)
  object space 175104K, 0% used [0x00000000e0000000,0x00000000e014df50,0x00000000eab00000)
 Metaspace       used 20139K, capacity 20750K, committed 20992K, reserved 1067008K
  class space    used 2820K, capacity 3015K, committed 3072K, reserved 1048576K
}
Event: 6.450 GC heap before
{Heap before GC invocations=4 (full 0):
 PSYoungGen      total 76288K, used 18743K [0x00000000f5580000, 0x00000000faa80000, 0x0000000100000000)
  eden space 65536K, 12% used [0x00000000f5580000,0x00000000f5d4df10,0x00000000f9580000)
  from space 10752K, 99% used [0x00000000f9580000,0x00000000f9ffff38,0x00000000fa000000)
  to   space 10752K, 0% used [0x00000000fa000000,0x00000000fa000000,0x00000000faa80000)
 ParOldGen       total 175104K, used 1335K [0x00000000e0000000, 0x00000000eab00000, 0x00000000f5580000)
  object space 175104K, 0% used [0x00000000e0000000,0x00000000e014df50,0x00000000eab00000)
 Metaspace       used 20597K, capacity 21218K, committed 21296K, reserved 1067008K
  class space    used 2893K, capacity 3093K, committed 3120K, reserved 1048576K
Event: 6.458 GC heap after
Heap after GC invocations=4 (full 0):
 PSYoungGen      total 76288K, used 7815K [0x00000000f5580000, 0x00000000fea80000, 0x0000000100000000)
  eden space 65536K, 0% used [0x00000000f5580000,0x00000000f5580000,0x00000000f9580000)
  from space 10752K, 72% used [0x00000000fa000000,0x00000000fa7a1eb8,0x00000000faa80000)
  to   space 10752K, 0% used [0x00000000f9580000,0x00000000f9580000,0x00000000fa000000)
 ParOldGen       total 175104K, used 1343K [0x00000000e0000000, 0x00000000eab00000, 0x00000000f5580000)
  object space 175104K, 0% used [0x00000000e0000000,0x00000000e014ff50,0x00000000eab00000)
 Metaspace       used 20597K, capacity 21218K, committed 21296K, reserved 1067008K
  class space    used 2893K, capacity 3093K, committed 3120K, reserved 1048576K
}
Event: 6.458 GC heap before
{Heap before GC invocations=5 (full 1):
 PSYoungGen      total 76288K, used 7815K [0x00000000f5580000, 0x00000000fea80000, 0x0000000100000000)
  eden space 65536K, 0% used [0x00000000f5580000,0x00000000f5580000,0x00000000f9580000)
  from space 10752K, 72% used [0x00000000fa000000,0x00000000fa7a1eb8,0x00000000faa80000)
  to   space 10752K, 0% used [0x00000000f9580000,0x00000000f9580000,0x00000000fa000000)
 ParOldGen       total 175104K, used 1343K [0x00000000e0000000, 0x00000000eab00000, 0x00000000f5580000)
  object space 175104K, 0% used [0x00000000e0000000,0x00000000e014ff50,0x00000000eab00000)
 Metaspace       used 20597K, capacity 21218K, committed 21296K, reserved 1067008K
  class space    used 2893K, capacity 3093K, committed 3120K, reserved 1048576K
Event: 6.499 GC heap after
Heap after GC invocations=5 (full 1):
 PSYoungGen      total 76288K, used 0K [0x00000000f5580000, 0x00000000fea80000, 0x0000000100000000)
  eden space 65536K, 0% used [0x00000000f5580000,0x00000000f5580000,0x00000000f9580000)
  from space 10752K, 0% used [0x00000000fa000000,0x00000000fa000000,0x00000000faa80000)
  to   space 10752K, 0% used [0x00000000f9580000,0x00000000f9580000,0x00000000fa000000)
 ParOldGen       total 175104K, used 7650K [0x00000000e0000000, 0x00000000eab00000, 0x00000000f5580000)
  object space 175104K, 4% used [0x00000000e0000000,0x00000000e07789a0,0x00000000eab00000)
 Metaspace       used 20597K, capacity 21218K, committed 21296K, reserved 1067008K
  class space    used 2893K, capacity 3093K, committed 3120K, reserved 1048576K
}
Event: 7.555 GC heap before
{Heap before GC invocations=6 (full 1):
 PSYoungGen      total 76288K, used 65536K [0x00000000f5580000, 0x00000000fea80000, 0x0000000100000000)
  eden space 65536K, 100% used [0x00000000f5580000,0x00000000f9580000,0x00000000f9580000)
  from space 10752K, 0% used [0x00000000fa000000,0x00000000fa000000,0x00000000faa80000)
  to   space 10752K, 0% used [0x00000000f9580000,0x00000000f9580000,0x00000000fa000000)
 ParOldGen       total 175104K, used 7650K [0x00000000e0000000, 0x00000000eab00000, 0x00000000f5580000)
  object space 175104K, 4% used [0x00000000e0000000,0x00000000e07789a0,0x00000000eab00000)
 Metaspace       used 28092K, capacity 28836K, committed 28976K, reserved 1075200K
  class space    used 3884K, capacity 4135K, committed 4144K, reserved 1048576K
Event: 7.562 GC heap after
Heap after GC invocations=6 (full 1):
 PSYoungGen      total 76288K, used 8011K [0x00000000f5580000, 0x00000000fd800000, 0x0000000100000000)
  eden space 65536K, 0% used [0x00000000f5580000,0x00000000f5580000,0x00000000f9580000)
  from space 10752K, 74% used [0x00000000f9580000,0x00000000f9d52e68,0x00000000fa000000)
  to   space 12288K, 0% used [0x00000000fcc00000,0x00000000fcc00000,0x00000000fd800000)
 ParOldGen       total 175104K, used 7658K [0x00000000e0000000, 0x00000000eab00000, 0x00000000f5580000)
  object space 175104K, 4% used [0x00000000e0000000,0x00000000e077a9a0,0x00000000eab00000)
 Metaspace       used 28092K, capacity 28836K, committed 28976K, reserved 1075200K
  class space    used 3884K, capacity 4135K, committed 4144K, reserved 1048576K
}
Event: 8.886 GC heap before
{Heap before GC invocations=7 (full 1):
 PSYoungGen      total 76288K, used 73547K [0x00000000f5580000, 0x00000000fd800000, 0x0000000100000000)
  eden space 65536K, 100% used [0x00000000f5580000,0x00000000f9580000,0x00000000f9580000)
  from space 10752K, 74% used [0x00000000f9580000,0x00000000f9d52e68,0x00000000fa000000)
  to   space 12288K, 0% used [0x00000000fcc00000,0x00000000fcc00000,0x00000000fd800000)
 ParOldGen       total 175104K, used 7658K [0x00000000e0000000, 0x00000000eab00000, 0x00000000f5580000)
  object space 175104K, 4% used [0x00000000e0000000,0x00000000e077a9a0,0x00000000eab00000)
 Metaspace       used 32243K, capacity 33250K, committed 33456K, reserved 1077248K
  class space    used 4372K, capacity 4664K, committed 4784K, reserved 1048576K
Event: 8.900 GC heap after
Heap after GC invocations=7 (full 1):
 PSYoungGen      total 119296K, used 8555K [0x00000000f5580000, 0x00000000fd680000, 0x0000000100000000)
  eden space 108544K, 0% used [0x00000000f5580000,0x00000000f5580000,0x00000000fbf80000)
  from space 10752K, 79% used [0x00000000fcc00000,0x00000000fd45ad18,0x00000000fd680000)
  to   space 11776K, 0% used [0x00000000fbf80000,0x00000000fbf80000,0x00000000fcb00000)
 ParOldGen       total 175104K, used 7666K [0x00000000e0000000, 0x00000000eab00000, 0x00000000f5580000)
  object space 175104K, 4% used [0x00000000e0000000,0x00000000e077c9a0,0x00000000eab00000)
 Metaspace       used 32243K, capacity 33250K, committed 33456K, reserved 1077248K
  class space    used 4372K, capacity 4664K, committed 4784K, reserved 1048576K
}

